2002.08.24 10:04 B C:\Drew\phpBB-2.0.2\forums\templates\Appalachia\admin\admin_message_body.tpl --> black-cell.com /var/www/html/droshisisland/forums/templates/Appalachia/admin admin_message_body.tpl
2002.08.24 10:04 B C:\Drew\phpBB-2.0.2\forums\templates\Appalachia\admin\auth_forum_body.tpl --> black-cell.com /var/www/html/droshisisland/forums/templates/Appalachia/admin auth_forum_body.tpl
2002.08.24 10:04 B C:\Drew\phpBB-2.0.2\forums\templates\Appalachia\admin\auth_select_body.tpl --> black-cell.com /var/www/html/droshisisland/forums/templates/Appalachia/admin auth_select_body.tpl
2002.08.24 10:04 B C:\Drew\phpBB-2.0.2\forums\templates\Appalachia\admin\auth_ug_body.tpl --> black-cell.com /var/www/html/droshisisland/forums/templates/Appalachia/admin auth_ug_body.tpl
2002.08.24 10:04 B C:\Drew\phpBB-2.0.2\forums\templates\Appalachia\admin\board_config_body.tpl --> black-cell.com /var/www/html/droshisisland/forums/templates/Appalachia/admin board_config_body.tpl
2002.08.24 10:04 B C:\Drew\phpBB-2.0.2\forums\templates\Appalachia\admin\category_edit_body.tpl --> black-cell.com /var/www/html/droshisisland/forums/templates/Appalachia/admin category_edit_body.tpl
2002.08.24 10:05 B C:\Drew\phpBB-2.0.2\forums\templates\Appalachia\admin\db_utils_backup_body.tpl --> black-cell.com /var/www/html/droshisisland/forums/templates/Appalachia/admin db_utils_backup_body.tpl
2002.08.24 10:05 B C:\Drew\phpBB-2.0.2\forums\templates\Appalachia\admin\db_utils_restore_body.tpl --> black-cell.com /var/www/html/droshisisland/forums/templates/Appalachia/admin db_utils_restore_body.tpl
2002.08.24 10:05 B C:\Drew\phpBB-2.0.2\forums\templates\Appalachia\admin\disallow_body.tpl --> black-cell.com /var/www/html/droshisisland/forums/templates/Appalachia/admin disallow_body.tpl
2002.08.24 10:05 B C:\Drew\phpBB-2.0.2\forums\templates\Appalachia\admin\forum_admin_body.tpl --> black-cell.com /var/www/html/droshisisland/forums/templates/Appalachia/admin forum_admin_body.tpl
2002.08.24 10:05 B C:\Drew\phpBB-2.0.2\forums\templates\Appalachia\admin\forum_delete_body.tpl --> black-cell.com /var/www/html/droshisisland/forums/templates/Appalachia/admin forum_delete_body.tpl
2002.08.24 10:05 B C:\Drew\phpBB-2.0.2\forums\templates\Appalachia\admin\forum_edit_body.tpl --> black-cell.com /var/www/html/droshisisland/forums/templates/Appalachia/admin forum_edit_body.tpl
2002.08.24 10:05 B C:\Drew\phpBB-2.0.2\forums\templates\Appalachia\admin\forum_prune_body.tpl --> black-cell.com /var/www/html/droshisisland/forums/templates/Appalachia/admin forum_prune_body.tpl
2002.08.24 10:05 B C:\Drew\phpBB-2.0.2\forums\templates\Appalachia\admin\forum_prune_result_body.tpl --> black-cell.com /var/www/html/droshisisland/forums/templates/Appalachia/admin forum_prune_result_body.tpl
2002.08.24 10:05 B C:\Drew\phpBB-2.0.2\forums\templates\Appalachia\admin\forum_prune_select_body.tpl --> black-cell.com /var/www/html/droshisisland/forums/templates/Appalachia/admin forum_prune_select_body.tpl
2002.08.24 10:05 B C:\Drew\phpBB-2.0.2\forums\templates\Appalachia\admin\group_edit_body.tpl --> black-cell.com /var/www/html/droshisisland/forums/templates/Appalachia/admin group_edit_body.tpl
2002.08.24 10:05 B C:\Drew\phpBB-2.0.2\forums\templates\Appalachia\admin\group_select_body.tpl --> black-cell.com /var/www/html/droshisisland/forums/templates/Appalachia/admin group_select_body.tpl
2002.08.24 10:05 B C:\Drew\phpBB-2.0.2\forums\templates\Appalachia\admin\index.htm --> black-cell.com /var/www/html/droshisisland/forums/templates/Appalachia/admin index.htm
2002.08.24 10:05 B C:\Drew\phpBB-2.0.2\forums\templates\Appalachia\admin\index_body.tpl --> black-cell.com /var/www/html/droshisisland/forums/templates/Appalachia/admin index_body.tpl
2002.08.24 10:05 B C:\Drew\phpBB-2.0.2\forums\templates\Appalachia\admin\index_frameset.tpl --> black-cell.com /var/www/html/droshisisland/forums/templates/Appalachia/admin index_frameset.tpl
2002.08.24 10:05 B C:\Drew\phpBB-2.0.2\forums\templates\Appalachia\admin\index_navigate.tpl --> black-cell.com /var/www/html/droshisisland/forums/templates/Appalachia/admin index_navigate.tpl
2002.08.24 10:05 B C:\Drew\phpBB-2.0.2\forums\templates\Appalachia\admin\page_footer.tpl --> black-cell.com /var/www/html/droshisisland/forums/templates/Appalachia/admin page_footer.tpl
2002.08.24 10:05 B C:\Drew\phpBB-2.0.2\forums\templates\Appalachia\admin\page_header.tpl --> black-cell.com /var/www/html/droshisisland/forums/templates/Appalachia/admin page_header.tpl
2002.08.24 10:05 B C:\Drew\phpBB-2.0.2\forums\templates\Appalachia\admin\ranks_edit_body.tpl --> black-cell.com /var/www/html/droshisisland/forums/templates/Appalachia/admin ranks_edit_body.tpl
2002.08.24 10:05 B C:\Drew\phpBB-2.0.2\forums\templates\Appalachia\admin\ranks_list_body.tpl --> black-cell.com /var/www/html/droshisisland/forums/templates/Appalachia/admin ranks_list_body.tpl
2002.08.24 10:05 B C:\Drew\phpBB-2.0.2\forums\templates\Appalachia\admin\smile_edit_body.tpl --> black-cell.com /var/www/html/droshisisland/forums/templates/Appalachia/admin smile_edit_body.tpl
2002.08.24 10:05 B C:\Drew\phpBB-2.0.2\forums\templates\Appalachia\admin\smile_import_body.tpl --> black-cell.com /var/www/html/droshisisland/forums/templates/Appalachia/admin smile_import_body.tpl
2002.08.24 10:05 B C:\Drew\phpBB-2.0.2\forums\templates\Appalachia\admin\smile_list_body.tpl --> black-cell.com /var/www/html/droshisisland/forums/templates/Appalachia/admin smile_list_body.tpl
2002.08.24 10:05 B C:\Drew\phpBB-2.0.2\forums\templates\Appalachia\admin\styles_addnew_body.tpl --> black-cell.com /var/www/html/droshisisland/forums/templates/Appalachia/admin styles_addnew_body.tpl
2002.08.24 10:05 B C:\Drew\phpBB-2.0.2\forums\templates\Appalachia\admin\styles_edit_body.tpl --> black-cell.com /var/www/html/droshisisland/forums/templates/Appalachia/admin styles_edit_body.tpl
2002.08.24 10:05 B C:\Drew\phpBB-2.0.2\forums\templates\Appalachia\admin\styles_exporter.tpl --> black-cell.com /var/www/html/droshisisland/forums/templates/Appalachia/admin styles_exporter.tpl
2002.08.24 10:05 B C:\Drew\phpBB-2.0.2\forums\templates\Appalachia\admin\styles_list_body.tpl --> black-cell.com /var/www/html/droshisisland/forums/templates/Appalachia/admin styles_list_body.tpl
2002.08.24 10:05 B C:\Drew\phpBB-2.0.2\forums\templates\Appalachia\admin\user_avatar_gallery.tpl --> black-cell.com /var/www/html/droshisisland/forums/templates/Appalachia/admin user_avatar_gallery.tpl
2002.08.24 10:05 B C:\Drew\phpBB-2.0.2\forums\templates\Appalachia\admin\user_ban_body.tpl --> black-cell.com /var/www/html/droshisisland/forums/templates/Appalachia/admin user_ban_body.tpl
2002.08.24 10:05 B C:\Drew\phpBB-2.0.2\forums\templates\Appalachia\admin\user_edit_body.tpl --> black-cell.com /var/www/html/droshisisland/forums/templates/Appalachia/admin user_edit_body.tpl
2002.08.24 10:05 B C:\Drew\phpBB-2.0.2\forums\templates\Appalachia\admin\user_email_body.tpl --> black-cell.com /var/www/html/droshisisland/forums/templates/Appalachia/admin user_email_body.tpl
2002.08.24 10:05 B C:\Drew\phpBB-2.0.2\forums\templates\Appalachia\admin\user_select_body.tpl --> black-cell.com /var/www/html/droshisisland/forums/templates/Appalachia/admin user_select_body.tpl
2002.08.24 10:05 B C:\Drew\phpBB-2.0.2\forums\templates\Appalachia\admin\words_edit_body.tpl --> black-cell.com /var/www/html/droshisisland/forums/templates/Appalachia/admin words_edit_body.tpl
2002.08.24 10:05 B C:\Drew\phpBB-2.0.2\forums\templates\Appalachia\admin\words_list_body.tpl --> black-cell.com /var/www/html/droshisisland/forums/templates/Appalachia/admin words_list_body.tpl
2002.08.24 11:23 B C:\Drew\phpBB-2.0.2\forums\templates\Appalachia\admin\admin_message_body.tpl --> ftp.members.lycos.co.uk /forums/templates/Appalachia/admin admin_message_body.tpl
2002.08.24 11:23 B C:\Drew\phpBB-2.0.2\forums\templates\Appalachia\admin\auth_forum_body.tpl --> ftp.members.lycos.co.uk /forums/templates/Appalachia/admin auth_forum_body.tpl
2002.08.24 11:23 B C:\Drew\phpBB-2.0.2\forums\templates\Appalachia\admin\auth_select_body.tpl --> ftp.members.lycos.co.uk /forums/templates/Appalachia/admin auth_select_body.tpl
2002.08.24 11:23 B C:\Drew\phpBB-2.0.2\forums\templates\Appalachia\admin\auth_ug_body.tpl --> ftp.members.lycos.co.uk /forums/templates/Appalachia/admin auth_ug_body.tpl
2002.08.24 11:23 B C:\Drew\phpBB-2.0.2\forums\templates\Appalachia\admin\board_config_body.tpl --> ftp.members.lycos.co.uk /forums/templates/Appalachia/admin board_config_body.tpl
2002.08.24 11:23 B C:\Drew\phpBB-2.0.2\forums\templates\Appalachia\admin\category_edit_body.tpl --> ftp.members.lycos.co.uk /forums/templates/Appalachia/admin category_edit_body.tpl
2002.08.24 11:23 B C:\Drew\phpBB-2.0.2\forums\templates\Appalachia\admin\db_utils_backup_body.tpl --> ftp.members.lycos.co.uk /forums/templates/Appalachia/admin db_utils_backup_body.tpl
2002.08.24 11:23 B C:\Drew\phpBB-2.0.2\forums\templates\Appalachia\admin\db_utils_restore_body.tpl --> ftp.members.lycos.co.uk /forums/templates/Appalachia/admin db_utils_restore_body.tpl
2002.08.24 11:23 B C:\Drew\phpBB-2.0.2\forums\templates\Appalachia\admin\disallow_body.tpl --> ftp.members.lycos.co.uk /forums/templates/Appalachia/admin disallow_body.tpl
2002.08.24 11:23 B C:\Drew\phpBB-2.0.2\forums\templates\Appalachia\admin\forum_admin_body.tpl --> ftp.members.lycos.co.uk /forums/templates/Appalachia/admin forum_admin_body.tpl
2002.08.24 11:23 B C:\Drew\phpBB-2.0.2\forums\templates\Appalachia\admin\forum_delete_body.tpl --> ftp.members.lycos.co.uk /forums/templates/Appalachia/admin forum_delete_body.tpl
2002.08.24 11:23 B C:\Drew\phpBB-2.0.2\forums\templates\Appalachia\admin\forum_edit_body.tpl --> ftp.members.lycos.co.uk /forums/templates/Appalachia/admin forum_edit_body.tpl
2002.08.24 11:23 B C:\Drew\phpBB-2.0.2\forums\templates\Appalachia\admin\forum_prune_body.tpl --> ftp.members.lycos.co.uk /forums/templates/Appalachia/admin forum_prune_body.tpl
2002.08.24 11:23 B C:\Drew\phpBB-2.0.2\forums\templates\Appalachia\admin\forum_prune_result_body.tpl --> ftp.members.lycos.co.uk /forums/templates/Appalachia/admin forum_prune_result_body.tpl
2002.08.24 11:23 B C:\Drew\phpBB-2.0.2\forums\templates\Appalachia\admin\forum_prune_select_body.tpl --> ftp.members.lycos.co.uk /forums/templates/Appalachia/admin forum_prune_select_body.tpl
2002.08.24 11:23 B C:\Drew\phpBB-2.0.2\forums\templates\Appalachia\admin\group_edit_body.tpl --> ftp.members.lycos.co.uk /forums/templates/Appalachia/admin group_edit_body.tpl
2002.08.24 11:23 B C:\Drew\phpBB-2.0.2\forums\templates\Appalachia\admin\group_select_body.tpl --> ftp.members.lycos.co.uk /forums/templates/Appalachia/admin group_select_body.tpl
2002.08.24 11:23 B C:\Drew\phpBB-2.0.2\forums\templates\Appalachia\admin\index.htm --> ftp.members.lycos.co.uk /forums/templates/Appalachia/admin index.htm
2002.08.24 11:23 B C:\Drew\phpBB-2.0.2\forums\templates\Appalachia\admin\index_body.tpl --> ftp.members.lycos.co.uk /forums/templates/Appalachia/admin index_body.tpl
2002.08.24 11:23 B C:\Drew\phpBB-2.0.2\forums\templates\Appalachia\admin\index_frameset.tpl --> ftp.members.lycos.co.uk /forums/templates/Appalachia/admin index_frameset.tpl
2002.08.24 11:23 B C:\Drew\phpBB-2.0.2\forums\templates\Appalachia\admin\index_navigate.tpl --> ftp.members.lycos.co.uk /forums/templates/Appalachia/admin index_navigate.tpl
2002.08.24 11:23 B C:\Drew\phpBB-2.0.2\forums\templates\Appalachia\admin\page_footer.tpl --> ftp.members.lycos.co.uk /forums/templates/Appalachia/admin page_footer.tpl
2002.08.24 11:23 B C:\Drew\phpBB-2.0.2\forums\templates\Appalachia\admin\page_header.tpl --> ftp.members.lycos.co.uk /forums/templates/Appalachia/admin page_header.tpl
2002.08.24 11:23 B C:\Drew\phpBB-2.0.2\forums\templates\Appalachia\admin\ranks_edit_body.tpl --> ftp.members.lycos.co.uk /forums/templates/Appalachia/admin ranks_edit_body.tpl
2002.08.24 11:23 B C:\Drew\phpBB-2.0.2\forums\templates\Appalachia\admin\ranks_list_body.tpl --> ftp.members.lycos.co.uk /forums/templates/Appalachia/admin ranks_list_body.tpl
2002.08.24 11:24 B C:\Drew\phpBB-2.0.2\forums\templates\Appalachia\admin\smile_edit_body.tpl --> ftp.members.lycos.co.uk /forums/templates/Appalachia/admin smile_edit_body.tpl
2002.08.24 11:24 B C:\Drew\phpBB-2.0.2\forums\templates\Appalachia\admin\smile_import_body.tpl --> ftp.members.lycos.co.uk /forums/templates/Appalachia/admin smile_import_body.tpl
2002.08.24 11:24 B C:\Drew\phpBB-2.0.2\forums\templates\Appalachia\admin\smile_list_body.tpl --> ftp.members.lycos.co.uk /forums/templates/Appalachia/admin smile_list_body.tpl
2002.08.24 11:24 B C:\Drew\phpBB-2.0.2\forums\templates\Appalachia\admin\styles_addnew_body.tpl --> ftp.members.lycos.co.uk /forums/templates/Appalachia/admin styles_addnew_body.tpl
2002.08.24 11:24 B C:\Drew\phpBB-2.0.2\forums\templates\Appalachia\admin\styles_edit_body.tpl --> ftp.members.lycos.co.uk /forums/templates/Appalachia/admin styles_edit_body.tpl
2002.08.24 11:24 B C:\Drew\phpBB-2.0.2\forums\templates\Appalachia\admin\styles_exporter.tpl --> ftp.members.lycos.co.uk /forums/templates/Appalachia/admin styles_exporter.tpl
2002.08.24 11:24 B C:\Drew\phpBB-2.0.2\forums\templates\Appalachia\admin\styles_list_body.tpl --> ftp.members.lycos.co.uk /forums/templates/Appalachia/admin styles_list_body.tpl
2002.08.24 11:24 B C:\Drew\phpBB-2.0.2\forums\templates\Appalachia\admin\user_avatar_gallery.tpl --> ftp.members.lycos.co.uk /forums/templates/Appalachia/admin user_avatar_gallery.tpl
2002.08.24 11:24 B C:\Drew\phpBB-2.0.2\forums\templates\Appalachia\admin\user_ban_body.tpl --> ftp.members.lycos.co.uk /forums/templates/Appalachia/admin user_ban_body.tpl
2002.08.24 11:24 B C:\Drew\phpBB-2.0.2\forums\templates\Appalachia\admin\user_edit_body.tpl --> ftp.members.lycos.co.uk /forums/templates/Appalachia/admin user_edit_body.tpl
2002.08.24 11:24 B C:\Drew\phpBB-2.0.2\forums\templates\Appalachia\admin\user_email_body.tpl --> ftp.members.lycos.co.uk /forums/templates/Appalachia/admin user_email_body.tpl
2002.08.24 11:24 B C:\Drew\phpBB-2.0.2\forums\templates\Appalachia\admin\user_select_body.tpl --> ftp.members.lycos.co.uk /forums/templates/Appalachia/admin user_select_body.tpl
2002.08.24 11:24 B C:\Drew\phpBB-2.0.2\forums\templates\Appalachia\admin\words_edit_body.tpl --> ftp.members.lycos.co.uk /forums/templates/Appalachia/admin words_edit_body.tpl
2002.08.24 11:24 B C:\Drew\phpBB-2.0.2\forums\templates\Appalachia\admin\words_list_body.tpl --> ftp.members.lycos.co.uk /forums/templates/Appalachia/admin words_list_body.tpl
2002.08.24 11:24 B C:\Drew\phpBB-2.0.2\forums\templates\Appalachia\admin\WS_FTP.LOG --> ftp.members.lycos.co.uk /forums/templates/Appalachia/admin WS_FTP.LOG
2002.09.19 19:16 B C:\Drew\phpBB\Forum Software\phpBB-2.0.2\forums\templates\Appalachia\admin\admin_message_body.tpl --> ftp.members.lycos.co.uk /forums/templates/Appalachia/admin admin_message_body.tpl
2002.09.19 19:16 B C:\Drew\phpBB\Forum Software\phpBB-2.0.2\forums\templates\Appalachia\admin\auth_forum_body.tpl --> ftp.members.lycos.co.uk /forums/templates/Appalachia/admin auth_forum_body.tpl
2002.09.19 19:16 B C:\Drew\phpBB\Forum Software\phpBB-2.0.2\forums\templates\Appalachia\admin\auth_select_body.tpl --> ftp.members.lycos.co.uk /forums/templates/Appalachia/admin auth_select_body.tpl
2002.09.19 19:16 B C:\Drew\phpBB\Forum Software\phpBB-2.0.2\forums\templates\Appalachia\admin\auth_ug_body.tpl --> ftp.members.lycos.co.uk /forums/templates/Appalachia/admin auth_ug_body.tpl
2002.09.19 19:16 B C:\Drew\phpBB\Forum Software\phpBB-2.0.2\forums\templates\Appalachia\admin\board_config_body.tpl --> ftp.members.lycos.co.uk /forums/templates/Appalachia/admin board_config_body.tpl
2002.09.19 19:16 B C:\Drew\phpBB\Forum Software\phpBB-2.0.2\forums\templates\Appalachia\admin\category_edit_body.tpl --> ftp.members.lycos.co.uk /forums/templates/Appalachia/admin category_edit_body.tpl
2002.09.19 19:16 B C:\Drew\phpBB\Forum Software\phpBB-2.0.2\forums\templates\Appalachia\admin\db_utils_backup_body.tpl --> ftp.members.lycos.co.uk /forums/templates/Appalachia/admin db_utils_backup_body.tpl
2002.09.19 19:16 B C:\Drew\phpBB\Forum Software\phpBB-2.0.2\forums\templates\Appalachia\admin\db_utils_restore_body.tpl --> ftp.members.lycos.co.uk /forums/templates/Appalachia/admin db_utils_restore_body.tpl
2002.09.19 19:16 B C:\Drew\phpBB\Forum Software\phpBB-2.0.2\forums\templates\Appalachia\admin\disallow_body.tpl --> ftp.members.lycos.co.uk /forums/templates/Appalachia/admin disallow_body.tpl
2002.09.19 19:16 B C:\Drew\phpBB\Forum Software\phpBB-2.0.2\forums\templates\Appalachia\admin\forum_admin_body.tpl --> ftp.members.lycos.co.uk /forums/templates/Appalachia/admin forum_admin_body.tpl
2002.09.19 19:16 B C:\Drew\phpBB\Forum Software\phpBB-2.0.2\forums\templates\Appalachia\admin\forum_delete_body.tpl --> ftp.members.lycos.co.uk /forums/templates/Appalachia/admin forum_delete_body.tpl
2002.09.19 19:16 B C:\Drew\phpBB\Forum Software\phpBB-2.0.2\forums\templates\Appalachia\admin\forum_edit_body.tpl --> ftp.members.lycos.co.uk /forums/templates/Appalachia/admin forum_edit_body.tpl
2002.09.19 19:16 B C:\Drew\phpBB\Forum Software\phpBB-2.0.2\forums\templates\Appalachia\admin\forum_prune_body.tpl --> ftp.members.lycos.co.uk /forums/templates/Appalachia/admin forum_prune_body.tpl
2002.09.19 19:17 B C:\Drew\phpBB\Forum Software\phpBB-2.0.2\forums\templates\Appalachia\admin\forum_prune_result_body.tpl --> ftp.members.lycos.co.uk /forums/templates/Appalachia/admin forum_prune_result_body.tpl
2002.09.19 19:17 B C:\Drew\phpBB\Forum Software\phpBB-2.0.2\forums\templates\Appalachia\admin\forum_prune_select_body.tpl --> ftp.members.lycos.co.uk /forums/templates/Appalachia/admin forum_prune_select_body.tpl
2002.09.19 19:17 B C:\Drew\phpBB\Forum Software\phpBB-2.0.2\forums\templates\Appalachia\admin\group_edit_body.tpl --> ftp.members.lycos.co.uk /forums/templates/Appalachia/admin group_edit_body.tpl
2002.09.19 19:17 B C:\Drew\phpBB\Forum Software\phpBB-2.0.2\forums\templates\Appalachia\admin\group_select_body.tpl --> ftp.members.lycos.co.uk /forums/templates/Appalachia/admin group_select_body.tpl
2002.09.19 19:17 B C:\Drew\phpBB\Forum Software\phpBB-2.0.2\forums\templates\Appalachia\admin\index.htm --> ftp.members.lycos.co.uk /forums/templates/Appalachia/admin index.htm
2002.09.19 19:17 B C:\Drew\phpBB\Forum Software\phpBB-2.0.2\forums\templates\Appalachia\admin\index_body.tpl --> ftp.members.lycos.co.uk /forums/templates/Appalachia/admin index_body.tpl
2002.09.19 19:17 B C:\Drew\phpBB\Forum Software\phpBB-2.0.2\forums\templates\Appalachia\admin\index_frameset.tpl --> ftp.members.lycos.co.uk /forums/templates/Appalachia/admin index_frameset.tpl
2002.09.19 19:17 B C:\Drew\phpBB\Forum Software\phpBB-2.0.2\forums\templates\Appalachia\admin\index_navigate.tpl --> ftp.members.lycos.co.uk /forums/templates/Appalachia/admin index_navigate.tpl
2002.09.19 19:17 B C:\Drew\phpBB\Forum Software\phpBB-2.0.2\forums\templates\Appalachia\admin\page_footer.tpl --> ftp.members.lycos.co.uk /forums/templates/Appalachia/admin page_footer.tpl
2002.09.19 19:17 B C:\Drew\phpBB\Forum Software\phpBB-2.0.2\forums\templates\Appalachia\admin\page_header.tpl --> ftp.members.lycos.co.uk /forums/templates/Appalachia/admin page_header.tpl
2002.09.19 19:17 B C:\Drew\phpBB\Forum Software\phpBB-2.0.2\forums\templates\Appalachia\admin\ranks_edit_body.tpl --> ftp.members.lycos.co.uk /forums/templates/Appalachia/admin ranks_edit_body.tpl
2002.09.19 19:17 B C:\Drew\phpBB\Forum Software\phpBB-2.0.2\forums\templates\Appalachia\admin\ranks_list_body.tpl --> ftp.members.lycos.co.uk /forums/templates/Appalachia/admin ranks_list_body.tpl
2002.09.19 19:17 B C:\Drew\phpBB\Forum Software\phpBB-2.0.2\forums\templates\Appalachia\admin\smile_edit_body.tpl --> ftp.members.lycos.co.uk /forums/templates/Appalachia/admin smile_edit_body.tpl
2002.09.19 19:17 B C:\Drew\phpBB\Forum Software\phpBB-2.0.2\forums\templates\Appalachia\admin\smile_import_body.tpl --> ftp.members.lycos.co.uk /forums/templates/Appalachia/admin smile_import_body.tpl
2002.09.19 19:17 B C:\Drew\phpBB\Forum Software\phpBB-2.0.2\forums\templates\Appalachia\admin\smile_list_body.tpl --> ftp.members.lycos.co.uk /forums/templates/Appalachia/admin smile_list_body.tpl
2002.09.19 19:17 B C:\Drew\phpBB\Forum Software\phpBB-2.0.2\forums\templates\Appalachia\admin\styles_addnew_body.tpl --> ftp.members.lycos.co.uk /forums/templates/Appalachia/admin styles_addnew_body.tpl
2002.09.19 19:17 B C:\Drew\phpBB\Forum Software\phpBB-2.0.2\forums\templates\Appalachia\admin\styles_edit_body.tpl --> ftp.members.lycos.co.uk /forums/templates/Appalachia/admin styles_edit_body.tpl
2002.09.19 19:17 B C:\Drew\phpBB\Forum Software\phpBB-2.0.2\forums\templates\Appalachia\admin\styles_exporter.tpl --> ftp.members.lycos.co.uk /forums/templates/Appalachia/admin styles_exporter.tpl
2002.09.19 19:17 B C:\Drew\phpBB\Forum Software\phpBB-2.0.2\forums\templates\Appalachia\admin\styles_list_body.tpl --> ftp.members.lycos.co.uk /forums/templates/Appalachia/admin styles_list_body.tpl
2002.09.19 19:17 B C:\Drew\phpBB\Forum Software\phpBB-2.0.2\forums\templates\Appalachia\admin\user_avatar_gallery.tpl --> ftp.members.lycos.co.uk /forums/templates/Appalachia/admin user_avatar_gallery.tpl
2002.09.19 19:17 B C:\Drew\phpBB\Forum Software\phpBB-2.0.2\forums\templates\Appalachia\admin\user_ban_body.tpl --> ftp.members.lycos.co.uk /forums/templates/Appalachia/admin user_ban_body.tpl
2002.09.19 19:17 B C:\Drew\phpBB\Forum Software\phpBB-2.0.2\forums\templates\Appalachia\admin\user_edit_body.tpl --> ftp.members.lycos.co.uk /forums/templates/Appalachia/admin user_edit_body.tpl
2002.09.19 19:17 B C:\Drew\phpBB\Forum Software\phpBB-2.0.2\forums\templates\Appalachia\admin\user_email_body.tpl --> ftp.members.lycos.co.uk /forums/templates/Appalachia/admin user_email_body.tpl
2002.09.19 19:17 B C:\Drew\phpBB\Forum Software\phpBB-2.0.2\forums\templates\Appalachia\admin\user_select_body.tpl --> ftp.members.lycos.co.uk /forums/templates/Appalachia/admin user_select_body.tpl
2002.09.19 19:17 B C:\Drew\phpBB\Forum Software\phpBB-2.0.2\forums\templates\Appalachia\admin\words_edit_body.tpl --> ftp.members.lycos.co.uk /forums/templates/Appalachia/admin words_edit_body.tpl
2002.09.19 19:17 B C:\Drew\phpBB\Forum Software\phpBB-2.0.2\forums\templates\Appalachia\admin\words_list_body.tpl --> ftp.members.lycos.co.uk /forums/templates/Appalachia/admin words_list_body.tpl
2002.09.19 19:17 B C:\Drew\phpBB\Forum Software\phpBB-2.0.2\forums\templates\Appalachia\admin\WS_FTP.LOG --> ftp.members.lycos.co.uk /forums/templates/Appalachia/admin WS_FTP.LOG
2002.09.27 18:01 B C:\Drew\phpBB\Forum Software\phpBB-2.0.2\phpBB2\templates\Appalachia\admin\admin_message_body.tpl --> ftp.members.lycos.co.uk /phpBB2/templates/Appalachia/admin admin_message_body.tpl
2002.09.27 18:01 B C:\Drew\phpBB\Forum Software\phpBB-2.0.2\phpBB2\templates\Appalachia\admin\auth_forum_body.tpl --> ftp.members.lycos.co.uk /phpBB2/templates/Appalachia/admin auth_forum_body.tpl
2002.09.27 18:01 B C:\Drew\phpBB\Forum Software\phpBB-2.0.2\phpBB2\templates\Appalachia\admin\auth_select_body.tpl --> ftp.members.lycos.co.uk /phpBB2/templates/Appalachia/admin auth_select_body.tpl
2002.09.27 18:01 B C:\Drew\phpBB\Forum Software\phpBB-2.0.2\phpBB2\templates\Appalachia\admin\auth_ug_body.tpl --> ftp.members.lycos.co.uk /phpBB2/templates/Appalachia/admin auth_ug_body.tpl
2002.09.27 18:01 B C:\Drew\phpBB\Forum Software\phpBB-2.0.2\phpBB2\templates\Appalachia\admin\board_config_body.tpl --> ftp.members.lycos.co.uk /phpBB2/templates/Appalachia/admin board_config_body.tpl
2002.09.27 18:01 B C:\Drew\phpBB\Forum Software\phpBB-2.0.2\phpBB2\templates\Appalachia\admin\category_edit_body.tpl --> ftp.members.lycos.co.uk /phpBB2/templates/Appalachia/admin category_edit_body.tpl
2002.09.27 18:01 B C:\Drew\phpBB\Forum Software\phpBB-2.0.2\phpBB2\templates\Appalachia\admin\db_utils_backup_body.tpl --> ftp.members.lycos.co.uk /phpBB2/templates/Appalachia/admin db_utils_backup_body.tpl
2002.09.27 18:01 B C:\Drew\phpBB\Forum Software\phpBB-2.0.2\phpBB2\templates\Appalachia\admin\db_utils_restore_body.tpl --> ftp.members.lycos.co.uk /phpBB2/templates/Appalachia/admin db_utils_restore_body.tpl
2002.09.27 18:01 B C:\Drew\phpBB\Forum Software\phpBB-2.0.2\phpBB2\templates\Appalachia\admin\disallow_body.tpl --> ftp.members.lycos.co.uk /phpBB2/templates/Appalachia/admin disallow_body.tpl
2002.09.27 18:01 B C:\Drew\phpBB\Forum Software\phpBB-2.0.2\phpBB2\templates\Appalachia\admin\forum_admin_body.tpl --> ftp.members.lycos.co.uk /phpBB2/templates/Appalachia/admin forum_admin_body.tpl
2002.09.27 18:01 B C:\Drew\phpBB\Forum Software\phpBB-2.0.2\phpBB2\templates\Appalachia\admin\forum_delete_body.tpl --> ftp.members.lycos.co.uk /phpBB2/templates/Appalachia/admin forum_delete_body.tpl
2002.09.27 18:01 B C:\Drew\phpBB\Forum Software\phpBB-2.0.2\phpBB2\templates\Appalachia\admin\forum_edit_body.tpl --> ftp.members.lycos.co.uk /phpBB2/templates/Appalachia/admin forum_edit_body.tpl
2002.09.27 18:01 B C:\Drew\phpBB\Forum Software\phpBB-2.0.2\phpBB2\templates\Appalachia\admin\forum_prune_body.tpl --> ftp.members.lycos.co.uk /phpBB2/templates/Appalachia/admin forum_prune_body.tpl
2002.09.27 18:01 B C:\Drew\phpBB\Forum Software\phpBB-2.0.2\phpBB2\templates\Appalachia\admin\forum_prune_result_body.tpl --> ftp.members.lycos.co.uk /phpBB2/templates/Appalachia/admin forum_prune_result_body.tpl
2002.09.27 18:01 B C:\Drew\phpBB\Forum Software\phpBB-2.0.2\phpBB2\templates\Appalachia\admin\forum_prune_select_body.tpl --> ftp.members.lycos.co.uk /phpBB2/templates/Appalachia/admin forum_prune_select_body.tpl
2002.09.27 18:01 B C:\Drew\phpBB\Forum Software\phpBB-2.0.2\phpBB2\templates\Appalachia\admin\group_edit_body.tpl --> ftp.members.lycos.co.uk /phpBB2/templates/Appalachia/admin group_edit_body.tpl
2002.09.27 18:01 B C:\Drew\phpBB\Forum Software\phpBB-2.0.2\phpBB2\templates\Appalachia\admin\group_select_body.tpl --> ftp.members.lycos.co.uk /phpBB2/templates/Appalachia/admin group_select_body.tpl
2002.09.27 18:01 B C:\Drew\phpBB\Forum Software\phpBB-2.0.2\phpBB2\templates\Appalachia\admin\index.htm --> ftp.members.lycos.co.uk /phpBB2/templates/Appalachia/admin index.htm
2002.09.27 18:01 B C:\Drew\phpBB\Forum Software\phpBB-2.0.2\phpBB2\templates\Appalachia\admin\index_body.tpl --> ftp.members.lycos.co.uk /phpBB2/templates/Appalachia/admin index_body.tpl
2002.09.27 18:01 B C:\Drew\phpBB\Forum Software\phpBB-2.0.2\phpBB2\templates\Appalachia\admin\index_frameset.tpl --> ftp.members.lycos.co.uk /phpBB2/templates/Appalachia/admin index_frameset.tpl
2002.09.27 18:01 B C:\Drew\phpBB\Forum Software\phpBB-2.0.2\phpBB2\templates\Appalachia\admin\index_navigate.tpl --> ftp.members.lycos.co.uk /phpBB2/templates/Appalachia/admin index_navigate.tpl
2002.09.27 18:01 B C:\Drew\phpBB\Forum Software\phpBB-2.0.2\phpBB2\templates\Appalachia\admin\page_footer.tpl --> ftp.members.lycos.co.uk /phpBB2/templates/Appalachia/admin page_footer.tpl
2002.09.27 18:01 B C:\Drew\phpBB\Forum Software\phpBB-2.0.2\phpBB2\templates\Appalachia\admin\page_header.tpl --> ftp.members.lycos.co.uk /phpBB2/templates/Appalachia/admin page_header.tpl
2002.09.27 18:01 B C:\Drew\phpBB\Forum Software\phpBB-2.0.2\phpBB2\templates\Appalachia\admin\ranks_edit_body.tpl --> ftp.members.lycos.co.uk /phpBB2/templates/Appalachia/admin ranks_edit_body.tpl
2002.09.27 18:01 B C:\Drew\phpBB\Forum Software\phpBB-2.0.2\phpBB2\templates\Appalachia\admin\ranks_list_body.tpl --> ftp.members.lycos.co.uk /phpBB2/templates/Appalachia/admin ranks_list_body.tpl
2002.09.27 18:01 B C:\Drew\phpBB\Forum Software\phpBB-2.0.2\phpBB2\templates\Appalachia\admin\smile_edit_body.tpl --> ftp.members.lycos.co.uk /phpBB2/templates/Appalachia/admin smile_edit_body.tpl
2002.09.27 18:01 B C:\Drew\phpBB\Forum Software\phpBB-2.0.2\phpBB2\templates\Appalachia\admin\smile_import_body.tpl --> ftp.members.lycos.co.uk /phpBB2/templates/Appalachia/admin smile_import_body.tpl
2002.09.27 18:01 B C:\Drew\phpBB\Forum Software\phpBB-2.0.2\phpBB2\templates\Appalachia\admin\smile_list_body.tpl --> ftp.members.lycos.co.uk /phpBB2/templates/Appalachia/admin smile_list_body.tpl
2002.09.27 18:01 B C:\Drew\phpBB\Forum Software\phpBB-2.0.2\phpBB2\templates\Appalachia\admin\styles_addnew_body.tpl --> ftp.members.lycos.co.uk /phpBB2/templates/Appalachia/admin styles_addnew_body.tpl
2002.09.27 18:01 B C:\Drew\phpBB\Forum Software\phpBB-2.0.2\phpBB2\templates\Appalachia\admin\styles_edit_body.tpl --> ftp.members.lycos.co.uk /phpBB2/templates/Appalachia/admin styles_edit_body.tpl
2002.09.27 18:01 B C:\Drew\phpBB\Forum Software\phpBB-2.0.2\phpBB2\templates\Appalachia\admin\styles_exporter.tpl --> ftp.members.lycos.co.uk /phpBB2/templates/Appalachia/admin styles_exporter.tpl
2002.09.27 18:02 B C:\Drew\phpBB\Forum Software\phpBB-2.0.2\phpBB2\templates\Appalachia\admin\styles_list_body.tpl --> ftp.members.lycos.co.uk /phpBB2/templates/Appalachia/admin styles_list_body.tpl
2002.09.27 18:02 B C:\Drew\phpBB\Forum Software\phpBB-2.0.2\phpBB2\templates\Appalachia\admin\user_avatar_gallery.tpl --> ftp.members.lycos.co.uk /phpBB2/templates/Appalachia/admin user_avatar_gallery.tpl
2002.09.27 18:02 B C:\Drew\phpBB\Forum Software\phpBB-2.0.2\phpBB2\templates\Appalachia\admin\user_ban_body.tpl --> ftp.members.lycos.co.uk /phpBB2/templates/Appalachia/admin user_ban_body.tpl
2002.09.27 18:02 B C:\Drew\phpBB\Forum Software\phpBB-2.0.2\phpBB2\templates\Appalachia\admin\user_edit_body.tpl --> ftp.members.lycos.co.uk /phpBB2/templates/Appalachia/admin user_edit_body.tpl
2002.09.27 18:02 B C:\Drew\phpBB\Forum Software\phpBB-2.0.2\phpBB2\templates\Appalachia\admin\user_email_body.tpl --> ftp.members.lycos.co.uk /phpBB2/templates/Appalachia/admin user_email_body.tpl
2002.09.27 18:02 B C:\Drew\phpBB\Forum Software\phpBB-2.0.2\phpBB2\templates\Appalachia\admin\user_select_body.tpl --> ftp.members.lycos.co.uk /phpBB2/templates/Appalachia/admin user_select_body.tpl
2002.09.27 18:02 B C:\Drew\phpBB\Forum Software\phpBB-2.0.2\phpBB2\templates\Appalachia\admin\words_edit_body.tpl --> ftp.members.lycos.co.uk /phpBB2/templates/Appalachia/admin words_edit_body.tpl
2002.09.27 18:02 B C:\Drew\phpBB\Forum Software\phpBB-2.0.2\phpBB2\templates\Appalachia\admin\words_list_body.tpl --> ftp.members.lycos.co.uk /phpBB2/templates/Appalachia/admin words_list_body.tpl
2002.10.08 10:44 B C:\Documents and Settings\Drew Chapman\My Documents\My Stuff\phpBB\Themes\Appalachia\admin\WS_FTP.LOG <-- Microsoft /phpBB2/templates/Appalachia/admin WS_FTP.LOG
